<?xml version="1.0" encoding="UTF-8"?>
<testng-results skipped="0" failed="0" ignored="0" total="1" passed="1">
  <reporter-output>
  </reporter-output>
  <suite name="Suite" duration-ms="13183" started-at="2020-05-29T16:45:45Z" finished-at="2020-05-29T16:45:58Z">
    <groups>
    </groups>
    <test name="Test" duration-ms="13183" started-at="2020-05-29T16:45:45Z" finished-at="2020-05-29T16:45:58Z">
      <class name="com.qa.test.LoginPageTest">
        <test-method status="PASS" signature="setUp()[pri:0, instance:com.qa.test.LoginPageTest@4c15e7fd]" name="setUp" is-config="true" duration-ms="8307" started-at="2020-05-29T16:45:45Z" finished-at="2020-05-29T16:45:53Z">
          <reporter-output>
          </reporter-output>
        </test-method> <!-- setUp -->
        <test-method status="PASS" signature="loginTest()[pri:0, instance:com.qa.test.LoginPageTest@4c15e7fd]" name="loginTest" duration-ms="3850" started-at="2020-05-29T16:45:54Z" finished-at="2020-05-29T16:45:57Z">
          <reporter-output>
          </reporter-output>
        </test-method> <!-- loginTest -->
        <test-method status="PASS" signature="TearDown()[pri:0, instance:com.qa.test.LoginPageTest@4c15e7fd]" name="TearDown" is-config="true" duration-ms="754" started-at="2020-05-29T16:45:57Z" finished-at="2020-05-29T16:45:58Z">
          <reporter-output>
          </reporter-output>
        </test-method> <!-- TearDown -->
      </class> <!-- com.qa.test.LoginPageTest -->
    </test> <!-- Test -->
  </suite> <!-- Suite -->
</testng-results>
